=========================================================



==============================================
🌀 INICIANDO CICLO DE APRENDIZAJE 2
==============================================

[2026-05-02 19:24:57] ⏳ 📚 ENTRENANDO EN PASADO (2025-10) | Fechas: 2025-10-01 a 2025-10-31
🚀 Hyper-Drive Activo: Procesando con 8 hilos en paralelo...
  ▶️ [1/167] SPY en proceso...
  ▶️ [3/167] DIA en proceso...
  ▶️ [2/167] QQQ en proceso...
  ▶️ [4/167] AAPL en proceso...
  ▶️ [5/167] ABBV en proceso...
  ▶️ [6/167] ABNB en proceso...
  ▶️ [7/167] ACN en proceso...
  ▶️ [8/167] ADBE en proceso...
  ▶️ [9/167] ADI en proceso...
  ✅ [3/167] DIA completado.
  ▶️ [10/167] AFRM en proceso...
  ✅ [6/167] ABNB completado.
  ▶️ [11/167] AI en proceso...
  ✅ [5/167] ABBV completado.
  ▶️ [12/167] AMAT en proceso...
  ✅ [1/167] SPY completado.
  ▶️ [13/167] AMD en proceso...
  ✅ [8/167] ADBE completado.
  ▶️ [14/167] AMGN en proceso...
  ✅ [2/167] QQQ completado.
  ▶️ [15/167] AMT en proceso...
  ✅ [9/167] ADI completado.
  ▶️ [16/167] AMZN en proceso...
  ✅ [10/167] AFRM completado.
  ▶️ [17/167] ARM en proceso...
  ✅ [11/167] AI completado.
  ▶️ [18/167] ASML en proceso...
  ✅ [12/167] AMAT completado.
  ▶️ [19/167] AVGO en proceso...
  ✅ [14/167] AMGN completado.
  ▶️ [20/167] AXP en proceso...
  ✅ [13/167] AMD completado.
  ▶️ [21/167] BA en proceso...
  ✅ [15/167] AMT completado.
  ▶️ [22/167] BAC en proceso...
  ✅ [18/167] ASML completado.
  ▶️ [23/167] BILL en proceso...
  ✅ [17/167] ARM completado.
  ▶️ [24/167] BRK.B en proceso...
  ✅ [19/167] AVGO completado.
  ▶️ [25/167] BTI en proceso...
  ✅ [20/167] AXP completado.
  ▶️ [26/167] C en proceso...
  ✅ [16/167] AMZN completado.
  ▶️ [27/167] CAT en proceso...
  ✅ [4/167] AAPL completado.
  ▶️ [28/167] CDNS en proceso...
  ✅ [7/167] ACN completado.
  ▶️ [29/167] CELH en proceso...
  ✅ [21/167] BA completado.
  ▶️ [30/167] CL en proceso...
  ✅ [23/167] BILL completado.
  ▶️ [31/167] COIN en proceso...
  ✅ [22/167] BAC completado.
  ▶️ [32/167] COST en proceso...
  ✅ [24/167] BRK.B completado.
  ▶️ [33/167] CRM en proceso...
  ✅ [25/167] BTI completado.
  ▶️ [34/167] CRWD en proceso...
  ✅ [26/167] C completado.
  ▶️ [35/167] CSCO en proceso...
  ✅ [27/167] CAT completado.
  ▶️ [36/167] CVS en proceso...
  ✅ [28/167] CDNS completado.
  ▶️ [37/167] CVX en proceso...
  ✅ [30/167] CL completado.
  ▶️ [38/167] D en proceso...
  ✅ [29/167] CELH completado.
  ▶️ [39/167] DASH en proceso...
  ✅ [32/167] COST completado.
  ▶️ [40/167] DDOG en proceso...
  ✅ [31/167] COIN completado.
  ▶️ [41/167] DE en proceso...
  ✅ [33/167] CRM completado.
  ▶️ [42/167] DHR en proceso...
  ✅ [34/167] CRWD completado.
  ▶️ [43/167] DIS en proceso...
  ✅ [35/167] CSCO completado.
  ▶️ [44/167] DOCU en proceso...
  ✅ [36/167] CVS completado.
  ▶️ [45/167] DUK en proceso...
  ✅ [38/167] D completado.
  ▶️ [46/167] FDX en proceso...
  ✅ [37/167] CVX completado.
  ▶️ [47/167] FTNT en proceso...
  ✅ [41/167] DE completado.
  ▶️ [48/167] GD en proceso...
  ✅ [39/167] DASH completado.
  ▶️ [49/167] GE en proceso...
  ✅ [40/167] DDOG completado.
  ▶️ [50/167] GIS en proceso...
  ✅ [42/167] DHR completado.
  ▶️ [51/167] GOOGL en proceso...
  ✅ [43/167] DIS completado.
  ▶️ [52/167] GS en proceso...
  ✅ [44/167] DOCU completado.
  ▶️ [53/167] GTLB en proceso...
  ✅ [46/167] FDX completado.
  ▶️ [54/167] HD en proceso...
  ✅ [45/167] DUK completado.
  ▶️ [55/167] HON en proceso...
  ✅ [48/167] GD completado.
  ▶️ [56/167] HOOD en proceso...
  ✅ [47/167] FTNT completado.
  ▶️ [57/167] HSY en proceso...
  ✅ [49/167] GE completado.
  ▶️ [58/167] IBM en proceso...
  ✅ [50/167] GIS completado.
  ▶️ [59/167] INTC en proceso...
  ✅ [51/167] GOOGL completado.
  ▶️ [60/167] IONQ en proceso...
  ✅ [52/167] GS completado.
  ▶️ [61/167] ISRG en proceso...
  ✅ [53/167] GTLB completado.
  ▶️ [62/167] JNJ en proceso...
  ✅ [54/167] HD completado.
  ▶️ [63/167] JPM en proceso...
  ✅ [55/167] HON completado.
  ▶️ [64/167] KLAC en proceso...
  ✅ [57/167] HSY completado.
  ▶️ [65/167] KO en proceso...
  ✅ [56/167] HOOD completado.
  ▶️ [66/167] LLY en proceso...
  ✅ [58/167] IBM completado.
  ▶️ [67/167] LMT en proceso...
  ✅ [59/167] INTC completado.
  ▶️ [68/167] LOW en proceso...
  ✅ [60/167] IONQ completado.
  ▶️ [69/167] LRCX en proceso...
  ✅ [61/167] ISRG completado.
  ▶️ [70/167] LYFT en proceso...
  ✅ [62/167] JNJ completado.
  ▶️ [71/167] MA en proceso...
  ✅ [64/167] KLAC completado.
  ▶️ [72/167] MCD en proceso...
  ✅ [63/167] JPM completado.
  ▶️ [73/167] MCHP en proceso...
  ✅ [65/167] KO completado.
  ▶️ [74/167] MDB en proceso...
  ✅ [66/167] LLY completado.
  ▶️ [75/167] MDLZ en proceso...
  ✅ [67/167] LMT completado.
  ▶️ [76/167] META en proceso...
  ✅ [68/167] LOW completado.
  ▶️ [77/167] MMM en proceso...
  ✅ [69/167] LRCX completado.
  ▶️ [78/167] MNDY en proceso...
  ✅ [70/167] LYFT completado.
  ▶️ [79/167] MRK en proceso...
  ✅ [71/167] MA completado.
  ▶️ [80/167] MS en proceso...
  ✅ [72/167] MCD completado.
  ▶️ [81/167] MSFT en proceso...
  ✅ [74/167] MDB completado.
  ▶️ [82/167] MSTR en proceso...
  ✅ [73/167] MCHP completado.
  ▶️ [83/167] MU en proceso...
  ✅ [76/167] META completado.
  ▶️ [84/167] NEE en proceso...
  ✅ [75/167] MDLZ completado.
  ▶️ [85/167] NET en proceso...
  ✅ [77/167] MMM completado.
  ▶️ [86/167] NFLX en proceso...
  ✅ [78/167] MNDY completado.
  ▶️ [87/167] NKE en proceso...
  ✅ [79/167] MRK completado.
  ▶️ [88/167] NOC en proceso...
  ✅ [80/167] MS completado.
  ▶️ [89/167] NOW en proceso...
  ✅ [81/167] MSFT completado.
  ▶️ [90/167] NVDA en proceso...
  ✅ [82/167] MSTR completado.
  ▶️ [91/167] O en proceso...
  ✅ [84/167] NEE completado.
  ▶️ [92/167] OPEN en proceso...
  ✅ [85/167] NET completado.
  ▶️ [93/167] ORCL en proceso...
  ✅ [86/167] NFLX completado.
  ▶️ [94/167] PANW en proceso...
  ✅ [83/167] MU completado.
  ▶️ [95/167] PEP en proceso...
  ✅ [88/167] NOC completado.
  ▶️ [96/167] PFE en proceso...
  ✅ [87/167] NKE completado.
  ▶️ [97/167] PG en proceso...
  ✅ [89/167] NOW completado.
  ▶️ [98/167] PLTR en proceso...
  ✅ [90/167] NVDA completado.
  ▶️ [99/167] PM en proceso...
  ✅ [91/167] O completado.
  ▶️ [100/167] PSQ en proceso...
  ✅ [92/167] OPEN completado.
  ▶️ [101/167] PYPL en proceso...
  ✅ [93/167] ORCL completado.
  ▶️ [102/167] QCOM en proceso...
  ✅ [94/167] PANW completado.
  ▶️ [103/167] RBLX en proceso...
  ✅ [95/167] PEP completado.
  ▶️ [104/167] ROKU en proceso...
  ✅ [96/167] PFE completado.
  ▶️ [105/167] RTX en proceso...
  ✅ [102/167] QCOM completado.
  ▶️ [106/167] SAP en proceso...
  ✅ [99/167] PM completado.
  ▶️ [107/167] SBUX en proceso...
  ✅ [98/167] PLTR completado.
  ▶️ [108/167] SH en proceso...
  ✅ [97/167] PG completado.
  ▶️ [109/167] SHOP en proceso...
  ✅ [104/167] ROKU completado.
  ▶️ [110/167] SMCI en proceso...
  ✅ [101/167] PYPL completado.
  ▶️ [111/167] SNOW en proceso...
  ✅ [103/167] RBLX completado.
  ▶️ [112/167] SNPS en proceso...
  ✅ [100/167] PSQ completado.
  ▶️ [113/167] SO en proceso...
  ✅ [105/167] RTX completado.
  ▶️ [114/167] SOFI en proceso...
  ✅ [109/167] SHOP completado.
  ▶️ [115/167] SPG en proceso...
  ✅ [111/167] SNOW completado.
  ▶️ [116/167] SQ en proceso...
  ✅ [106/167] SAP completado.
  ▶️ [117/167] SQQQ en proceso...
  ✅ [108/167] SH completado.
  ▶️ [118/167] STZ en proceso...
  ✅ [116/167] SQ completado.
  ▶️ [119/167] T en proceso...
  ✅ [107/167] SBUX completado.
  ▶️ [120/167] TAP en proceso...
  ✅ [115/167] SPG completado.
  ▶️ [121/167] TGT en proceso...
  ✅ [112/167] SNPS completado.
  ▶️ [122/167] TMO en proceso...
  ✅ [113/167] SO completado.
  ▶️ [123/167] TSLA en proceso...
  ✅ [110/167] SMCI completado.
  ▶️ [124/167] TTD en proceso...
  ✅ [119/167] T completado.
  ▶️ [125/167] TWLO en proceso...
  ✅ [123/167] TSLA completado.
  ▶️ [126/167] TXN en proceso...
  ✅ [117/167] SQQQ completado.
  ▶️ [127/167] U en proceso...
  ✅ [122/167] TMO completado.
  ▶️ [128/167] UBER en proceso...
  ✅ [118/167] STZ completado.
  ▶️ [129/167] UNH en proceso...
  ✅ [124/167] TTD completado.
  ▶️ [130/167] UPS en proceso...
  ✅ [114/167] SOFI completado.
  ▶️ [131/167] V en proceso...
  ✅ [120/167] TAP completado.
  ▶️ [132/167] VZ en proceso...
  ✅ [121/167] TGT completado.
  ▶️ [133/167] WFC en proceso...
  ✅ [129/167] UNH completado.
  ▶️ [134/167] WMT en proceso...
  ✅ [130/167] UPS completado.
  ▶️ [135/167] XOM en proceso...
  ✅ [128/167] UBER completado.
